<?xml version="1.0" encoding="UTF-8"?>
<!-- Generated by org.testng.reporters.JUnitReportReporter -->
<testsuite hostname="LAPTOP-B9VIKM80" failures="0" tests="1" name="homepagetest.HomePageTest" time="10.167" errors="0" timestamp="2021-04-19T01:36:53 EDT" skipped="0">
  <testcase classname="homepagetest.HomePageTest" name="testSearchBox" time="10.167"/>
  <system-out/>
</testsuite> <!-- homepagetest.HomePageTest -->
